This file contains any messages produced by compilers while
running configure, to aid debugging if configure makes a mistake.

It was created by FULL-PACKAGE-NAME configure VERSION, which was
generated by GNU Autoconf 2.69.  Invocation command line was

  $ ./configure 

## --------- ##
## Platform. ##
## --------- ##

hostname = Macarno.local
uname -m = x86_64
uname -r = 12.2.0
uname -s = Darwin
uname -v = Darwin Kernel Version 12.2.0: Sat Aug 25 00:48:52 PDT 2012; root:xnu-2050.18.24~1/RELEASE_X86_64

/usr/bin/uname -p = i386
/bin/uname -X     = unknown

/bin/arch              = unknown
/usr/bin/arch -k       = unknown
/usr/convex/getsysinfo = unknown
/usr/bin/hostinfo      = Mach kernel version:
	 Darwin Kernel Version 12.2.0: Sat Aug 25 00:48:52 PDT 2012; root:xnu-2050.18.24~1/RELEASE_X86_64
Kernel configured for up to 2 processors.
2 processors are physically available.
2 processors are logically available.
Processor type: i486 (Intel 80486)
Processors active: 0 1
Primary memory available: 4.00 gigabytes
Default processor set: 129 tasks, 608 threads, 2 processors
Load average: 0.74, Mach factor: 1.33
/bin/machine           = unknown
/usr/bin/oslevel       = unknown
/bin/universe          = unknown

PATH: /opt/local/libexec/gnubin/
PATH: /Users/sevin/bin
PATH: /Users/sevin/QtSDK/Desktop/Qt/gcc/bin
PATH: /usr/local/cuda/bin
PATH: /opt/local/bin
PATH: /usr/bin
PATH: /bin
PATH: /usr/sbin
PATH: /sbin
PATH: /usr/local/bin
PATH: /opt/X11/bin


## ----------- ##
## Core tests. ##
## ----------- ##

configure:2255: checking for g++
configure:2271: found /usr/bin/g++
configure:2282: result: g++
configure:2309: checking for C++ compiler version
configure:2318: g++ --version >&5
i686-apple-darwin11-llvm-g++-4.2 (GCC) 4.2.1 (Based on Apple Inc. build 5658) (LLVM build 2336.11.00)
Copyright (C) 2007 Free Software Foundation, Inc.
This is free software; see the source for copying conditions.  There is NO
warranty; not even for MERCHANTABILITY or FITNESS FOR A PARTICULAR PURPOSE.

configure:2329: $? = 0
configure:2318: g++ -v >&5
Using built-in specs.
Target: i686-apple-darwin11
Configured with: /private/var/tmp/llvmgcc42/llvmgcc42-2336.11~67/src/configure --disable-checking --enable-werror --prefix=/Applications/Xcode.app/Contents/Developer/usr/llvm-gcc-4.2 --mandir=/share/man --enable-languages=c,objc,c++,obj-c++ --program-prefix=llvm- --program-transform-name=/^[cg][^.-]*$/s/$/-4.2/ --with-slibdir=/usr/lib --build=i686-apple-darwin11 --enable-llvm=/private/var/tmp/llvmgcc42/llvmgcc42-2336.11~67/dst-llvmCore/Developer/usr/local --program-prefix=i686-apple-darwin11- --host=x86_64-apple-darwin11 --target=i686-apple-darwin11 --with-gxx-include-dir=/usr/include/c++/4.2.1
Thread model: posix
gcc version 4.2.1 (Based on Apple Inc. build 5658) (LLVM build 2336.11.00)
configure:2329: $? = 0
configure:2318: g++ -V >&5
llvm-g++-4.2: argument to `-V' is missing
configure:2329: $? = 1
configure:2318: g++ -qversion >&5
i686-apple-darwin11-llvm-g++-4.2: no input files
configure:2329: $? = 1
configure:2349: checking whether the C++ compiler works
configure:2371: g++    conftest.cpp  >&5
configure:2375: $? = 0
configure:2423: result: yes
configure:2426: checking for C++ compiler default output file name
configure:2428: result: a.out
configure:2434: checking for suffix of executables
configure:2441: g++ -o conftest    conftest.cpp  >&5
configure:2445: $? = 0
configure:2467: result: 
configure:2489: checking whether we are cross compiling
configure:2497: g++ -o conftest    conftest.cpp  >&5
configure:2501: $? = 0
configure:2508: ./conftest
configure:2512: $? = 0
configure:2527: result: no
configure:2532: checking for suffix of object files
configure:2554: g++ -c   conftest.cpp >&5
configure:2558: $? = 0
configure:2579: result: o
configure:2583: checking whether we are using the GNU C++ compiler
configure:2602: g++ -c   conftest.cpp >&5
configure:2602: $? = 0
configure:2611: result: yes
configure:2620: checking whether g++ accepts -g
configure:2640: g++ -c -g  conftest.cpp >&5
configure:2640: $? = 0
configure:2681: result: yes
configure:2752: checking for gcc
configure:2768: found /usr/bin/gcc
configure:2779: result: gcc
configure:3008: checking for C compiler version
configure:3017: gcc --version >&5
i686-apple-darwin11-llvm-gcc-4.2 (GCC) 4.2.1 (Based on Apple Inc. build 5658) (LLVM build 2336.11.00)
Copyright (C) 2007 Free Software Foundation, Inc.
This is free software; see the source for copying conditions.  There is NO
warranty; not even for MERCHANTABILITY or FITNESS FOR A PARTICULAR PURPOSE.

configure:3028: $? = 0
configure:3017: gcc -v >&5
Using built-in specs.
Target: i686-apple-darwin11
Configured with: /private/var/tmp/llvmgcc42/llvmgcc42-2336.11~67/src/configure --disable-checking --enable-werror --prefix=/Applications/Xcode.app/Contents/Developer/usr/llvm-gcc-4.2 --mandir=/share/man --enable-languages=c,objc,c++,obj-c++ --program-prefix=llvm- --program-transform-name=/^[cg][^.-]*$/s/$/-4.2/ --with-slibdir=/usr/lib --build=i686-apple-darwin11 --enable-llvm=/private/var/tmp/llvmgcc42/llvmgcc42-2336.11~67/dst-llvmCore/Developer/usr/local --program-prefix=i686-apple-darwin11- --host=x86_64-apple-darwin11 --target=i686-apple-darwin11 --with-gxx-include-dir=/usr/include/c++/4.2.1
Thread model: posix
gcc version 4.2.1 (Based on Apple Inc. build 5658) (LLVM build 2336.11.00)
configure:3028: $? = 0
configure:3017: gcc -V >&5
llvm-gcc-4.2: argument to `-V' is missing
configure:3028: $? = 1
configure:3017: gcc -qversion >&5
i686-apple-darwin11-llvm-gcc-4.2: no input files
configure:3028: $? = 1
configure:3032: checking whether we are using the GNU C compiler
configure:3051: gcc -c   conftest.c >&5
configure:3051: $? = 0
configure:3060: result: yes
configure:3069: checking whether gcc accepts -g
configure:3089: gcc -c -g  conftest.c >&5
configure:3089: $? = 0
configure:3130: result: yes
configure:3147: checking for gcc option to accept ISO C89
configure:3210: gcc  -c -g -O2  conftest.c >&5
configure:3210: $? = 0
configure:3223: result: none needed
configure:3243: checking whether make sets $(MAKE)
configure:3265: result: yes
configure:3278: checking for main in -latlas
configure:3297: gcc -o conftest -g -O2   conftest.c -latlas   >&5
configure:3297: $? = 0
configure:3306: result: yes
configure:3318: checking for main in -lcblas
configure:3337: gcc -o conftest -g -O2   conftest.c -lcblas  -latlas  >&5
configure:3337: $? = 0
configure:3346: result: yes
configure:3358: checking for main in -lcublas
configure:3377: gcc -o conftest -g -O2   conftest.c -lcublas  -lcblas -latlas  >&5
ld: library not found for -lcublas
collect2: ld returned 1 exit status
configure:3377: $? = 1
configure: failed program was:
| /* confdefs.h */
| #define PACKAGE_NAME "FULL-PACKAGE-NAME"
| #define PACKAGE_TARNAME "full-package-name"
| #define PACKAGE_VERSION "VERSION"
| #define PACKAGE_STRING "FULL-PACKAGE-NAME VERSION"
| #define PACKAGE_BUGREPORT "BUG-REPORT-ADDRESS"
| #define PACKAGE_URL ""
| #define HAVE_LIBATLAS 1
| #define HAVE_LIBCBLAS 1
| /* end confdefs.h.  */
| 
| 
| int
| main ()
| {
| return main ();
|   ;
|   return 0;
| }
configure:3386: result: no
configure:3398: checking for main in -lcuda
configure:3417: gcc -o conftest -g -O2   conftest.c -lcuda  -lcblas -latlas  >&5
ld: library not found for -lcuda
collect2: ld returned 1 exit status
configure:3417: $? = 1
configure: failed program was:
| /* confdefs.h */
| #define PACKAGE_NAME "FULL-PACKAGE-NAME"
| #define PACKAGE_TARNAME "full-package-name"
| #define PACKAGE_VERSION "VERSION"
| #define PACKAGE_STRING "FULL-PACKAGE-NAME VERSION"
| #define PACKAGE_BUGREPORT "BUG-REPORT-ADDRESS"
| #define PACKAGE_URL ""
| #define HAVE_LIBATLAS 1
| #define HAVE_LIBCBLAS 1
| /* end confdefs.h.  */
| 
| 
| int
| main ()
| {
| return main ();
|   ;
|   return 0;
| }
configure:3426: result: no
configure:3438: checking for main in -lcudart
configure:3457: gcc -o conftest -g -O2   conftest.c -lcudart  -lcblas -latlas  >&5
ld: library not found for -lcudart
collect2: ld returned 1 exit status
configure:3457: $? = 1
configure: failed program was:
| /* confdefs.h */
| #define PACKAGE_NAME "FULL-PACKAGE-NAME"
| #define PACKAGE_TARNAME "full-package-name"
| #define PACKAGE_VERSION "VERSION"
| #define PACKAGE_STRING "FULL-PACKAGE-NAME VERSION"
| #define PACKAGE_BUGREPORT "BUG-REPORT-ADDRESS"
| #define PACKAGE_URL ""
| #define HAVE_LIBATLAS 1
| #define HAVE_LIBCBLAS 1
| /* end confdefs.h.  */
| 
| 
| int
| main ()
| {
| return main ();
|   ;
|   return 0;
| }
configure:3466: result: no
configure:3478: checking for main in -lcudpp_x86_64
configure:3497: gcc -o conftest -g -O2   conftest.c -lcudpp_x86_64  -lcblas -latlas  >&5
ld: library not found for -lcudpp_x86_64
collect2: ld returned 1 exit status
configure:3497: $? = 1
configure: failed program was:
| /* confdefs.h */
| #define PACKAGE_NAME "FULL-PACKAGE-NAME"
| #define PACKAGE_TARNAME "full-package-name"
| #define PACKAGE_VERSION "VERSION"
| #define PACKAGE_STRING "FULL-PACKAGE-NAME VERSION"
| #define PACKAGE_BUGREPORT "BUG-REPORT-ADDRESS"
| #define PACKAGE_URL ""
| #define HAVE_LIBATLAS 1
| #define HAVE_LIBCBLAS 1
| /* end confdefs.h.  */
| 
| 
| int
| main ()
| {
| return main ();
|   ;
|   return 0;
| }
configure:3506: result: no
configure:3518: checking for main in -lcufft
configure:3537: gcc -o conftest -g -O2   conftest.c -lcufft  -lcblas -latlas  >&5
ld: library not found for -lcufft
collect2: ld returned 1 exit status
configure:3537: $? = 1
configure: failed program was:
| /* confdefs.h */
| #define PACKAGE_NAME "FULL-PACKAGE-NAME"
| #define PACKAGE_TARNAME "full-package-name"
| #define PACKAGE_VERSION "VERSION"
| #define PACKAGE_STRING "FULL-PACKAGE-NAME VERSION"
| #define PACKAGE_BUGREPORT "BUG-REPORT-ADDRESS"
| #define PACKAGE_URL ""
| #define HAVE_LIBATLAS 1
| #define HAVE_LIBCBLAS 1
| /* end confdefs.h.  */
| 
| 
| int
| main ()
| {
| return main ();
|   ;
|   return 0;
| }
configure:3546: result: no
configure:3558: checking for main in -lcula_core
configure:3577: gcc -o conftest -g -O2   conftest.c -lcula_core  -lcblas -latlas  >&5
ld: library not found for -lcula_core
collect2: ld returned 1 exit status
configure:3577: $? = 1
configure: failed program was:
| /* confdefs.h */
| #define PACKAGE_NAME "FULL-PACKAGE-NAME"
| #define PACKAGE_TARNAME "full-package-name"
| #define PACKAGE_VERSION "VERSION"
| #define PACKAGE_STRING "FULL-PACKAGE-NAME VERSION"
| #define PACKAGE_BUGREPORT "BUG-REPORT-ADDRESS"
| #define PACKAGE_URL ""
| #define HAVE_LIBATLAS 1
| #define HAVE_LIBCBLAS 1
| /* end confdefs.h.  */
| 
| 
| int
| main ()
| {
| return main ();
|   ;
|   return 0;
| }
configure:3586: result: no
configure:3598: checking for main in -lcula_lapack
configure:3617: gcc -o conftest -g -O2   conftest.c -lcula_lapack  -lcblas -latlas  >&5
ld: library not found for -lcula_lapack
collect2: ld returned 1 exit status
configure:3617: $? = 1
configure: failed program was:
| /* confdefs.h */
| #define PACKAGE_NAME "FULL-PACKAGE-NAME"
| #define PACKAGE_TARNAME "full-package-name"
| #define PACKAGE_VERSION "VERSION"
| #define PACKAGE_STRING "FULL-PACKAGE-NAME VERSION"
| #define PACKAGE_BUGREPORT "BUG-REPORT-ADDRESS"
| #define PACKAGE_URL ""
| #define HAVE_LIBATLAS 1
| #define HAVE_LIBCBLAS 1
| /* end confdefs.h.  */
| 
| 
| int
| main ()
| {
| return main ();
|   ;
|   return 0;
| }
configure:3626: result: no
configure:3638: checking for main in -lcurand
configure:3657: gcc -o conftest -g -O2   conftest.c -lcurand  -lcblas -latlas  >&5
ld: library not found for -lcurand
collect2: ld returned 1 exit status
configure:3657: $? = 1
configure: failed program was:
| /* confdefs.h */
| #define PACKAGE_NAME "FULL-PACKAGE-NAME"
| #define PACKAGE_TARNAME "full-package-name"
| #define PACKAGE_VERSION "VERSION"
| #define PACKAGE_STRING "FULL-PACKAGE-NAME VERSION"
| #define PACKAGE_BUGREPORT "BUG-REPORT-ADDRESS"
| #define PACKAGE_URL ""
| #define HAVE_LIBATLAS 1
| #define HAVE_LIBCBLAS 1
| /* end confdefs.h.  */
| 
| 
| int
| main ()
| {
| return main ();
|   ;
|   return 0;
| }
configure:3666: result: no
configure:3678: checking for main in -llapack
configure:3697: gcc -o conftest -g -O2   conftest.c -llapack  -lcblas -latlas  >&5
configure:3697: $? = 0
configure:3706: result: yes
configure:3718: checking for main in -lmagma
configure:3737: gcc -o conftest -g -O2   conftest.c -lmagma  -llapack -lcblas -latlas  >&5
ld: library not found for -lmagma
collect2: ld returned 1 exit status
configure:3737: $? = 1
configure: failed program was:
| /* confdefs.h */
| #define PACKAGE_NAME "FULL-PACKAGE-NAME"
| #define PACKAGE_TARNAME "full-package-name"
| #define PACKAGE_VERSION "VERSION"
| #define PACKAGE_STRING "FULL-PACKAGE-NAME VERSION"
| #define PACKAGE_BUGREPORT "BUG-REPORT-ADDRESS"
| #define PACKAGE_URL ""
| #define HAVE_LIBATLAS 1
| #define HAVE_LIBCBLAS 1
| #define HAVE_LIBLAPACK 1
| /* end confdefs.h.  */
| 
| 
| int
| main ()
| {
| return main ();
|   ;
|   return 0;
| }
configure:3746: result: no
configure:3758: checking for main in -lmagmablas
configure:3777: gcc -o conftest -g -O2   conftest.c -lmagmablas  -llapack -lcblas -latlas  >&5
ld: library not found for -lmagmablas
collect2: ld returned 1 exit status
configure:3777: $? = 1
configure: failed program was:
| /* confdefs.h */
| #define PACKAGE_NAME "FULL-PACKAGE-NAME"
| #define PACKAGE_TARNAME "full-package-name"
| #define PACKAGE_VERSION "VERSION"
| #define PACKAGE_STRING "FULL-PACKAGE-NAME VERSION"
| #define PACKAGE_BUGREPORT "BUG-REPORT-ADDRESS"
| #define PACKAGE_URL ""
| #define HAVE_LIBATLAS 1
| #define HAVE_LIBCBLAS 1
| #define HAVE_LIBLAPACK 1
| /* end confdefs.h.  */
| 
| 
| int
| main ()
| {
| return main ();
|   ;
|   return 0;
| }
configure:3786: result: no
configure:3798: checking for main in -lpthread
configure:3817: gcc -o conftest -g -O2   conftest.c -lpthread  -llapack -lcblas -latlas  >&5
configure:3817: $? = 0
configure:3826: result: yes
configure:3844: checking how to run the C preprocessor
configure:3875: gcc -E  conftest.c
configure:3875: $? = 0
configure:3889: gcc -E  conftest.c
conftest.c:13:28: error: ac_nonexistent.h: No such file or directory
configure:3889: $? = 1
configure: failed program was:
| /* confdefs.h */
| #define PACKAGE_NAME "FULL-PACKAGE-NAME"
| #define PACKAGE_TARNAME "full-package-name"
| #define PACKAGE_VERSION "VERSION"
| #define PACKAGE_STRING "FULL-PACKAGE-NAME VERSION"
| #define PACKAGE_BUGREPORT "BUG-REPORT-ADDRESS"
| #define PACKAGE_URL ""
| #define HAVE_LIBATLAS 1
| #define HAVE_LIBCBLAS 1
| #define HAVE_LIBLAPACK 1
| #define HAVE_LIBPTHREAD 1
| /* end confdefs.h.  */
| #include <ac_nonexistent.h>
configure:3914: result: gcc -E
configure:3934: gcc -E  conftest.c
configure:3934: $? = 0
configure:3948: gcc -E  conftest.c
conftest.c:13:28: error: ac_nonexistent.h: No such file or directory
configure:3948: $? = 1
configure: failed program was:
| /* confdefs.h */
| #define PACKAGE_NAME "FULL-PACKAGE-NAME"
| #define PACKAGE_TARNAME "full-package-name"
| #define PACKAGE_VERSION "VERSION"
| #define PACKAGE_STRING "FULL-PACKAGE-NAME VERSION"
| #define PACKAGE_BUGREPORT "BUG-REPORT-ADDRESS"
| #define PACKAGE_URL ""
| #define HAVE_LIBATLAS 1
| #define HAVE_LIBCBLAS 1
| #define HAVE_LIBLAPACK 1
| #define HAVE_LIBPTHREAD 1
| /* end confdefs.h.  */
| #include <ac_nonexistent.h>
configure:3977: checking for grep that handles long lines and -e
configure:4035: result: /usr/bin/grep
configure:4040: checking for egrep
configure:4102: result: /usr/bin/grep -E
configure:4107: checking for ANSI C header files
configure:4127: gcc -c -g -O2  conftest.c >&5
configure:4127: $? = 0
configure:4200: gcc -o conftest -g -O2   conftest.c -lpthread -llapack -lcblas -latlas  >&5
configure:4200: $? = 0
configure:4200: ./conftest
configure:4200: $? = 0
configure:4211: result: yes
configure:4224: checking for sys/types.h
configure:4224: gcc -c -g -O2  conftest.c >&5
configure:4224: $? = 0
configure:4224: result: yes
configure:4224: checking for sys/stat.h
configure:4224: gcc -c -g -O2  conftest.c >&5
configure:4224: $? = 0
configure:4224: result: yes
configure:4224: checking for stdlib.h
configure:4224: gcc -c -g -O2  conftest.c >&5
configure:4224: $? = 0
configure:4224: result: yes
configure:4224: checking for string.h
configure:4224: gcc -c -g -O2  conftest.c >&5
configure:4224: $? = 0
configure:4224: result: yes
configure:4224: checking for memory.h
configure:4224: gcc -c -g -O2  conftest.c >&5
configure:4224: $? = 0
configure:4224: result: yes
configure:4224: checking for strings.h
configure:4224: gcc -c -g -O2  conftest.c >&5
configure:4224: $? = 0
configure:4224: result: yes
configure:4224: checking for inttypes.h
configure:4224: gcc -c -g -O2  conftest.c >&5
configure:4224: $? = 0
configure:4224: result: yes
configure:4224: checking for stdint.h
configure:4224: gcc -c -g -O2  conftest.c >&5
configure:4224: $? = 0
configure:4224: result: yes
configure:4224: checking for unistd.h
configure:4224: gcc -c -g -O2  conftest.c >&5
configure:4224: $? = 0
configure:4224: result: yes
configure:4239: checking for stdlib.h
configure:4239: result: yes
configure:4239: checking for string.h
configure:4239: result: yes
configure:4239: checking sys/time.h usability
configure:4239: gcc -c -g -O2  conftest.c >&5
configure:4239: $? = 0
configure:4239: result: yes
configure:4239: checking sys/time.h presence
configure:4239: gcc -E  conftest.c
configure:4239: $? = 0
configure:4239: result: yes
configure:4239: checking for sys/time.h
configure:4239: result: yes
configure:4251: checking for stdbool.h that conforms to C99
configure:4318: gcc -c -g -O2  conftest.c >&5
configure:4318: $? = 0
configure:4325: result: yes
configure:4327: checking for _Bool
configure:4327: gcc -c -g -O2  conftest.c >&5
configure:4327: $? = 0
configure:4327: gcc -c -g -O2  conftest.c >&5
conftest.c: In function 'main':
conftest.c:62: error: expected expression before ')' token
configure:4327: $? = 1
configure: failed program was:
| /* confdefs.h */
| #define PACKAGE_NAME "FULL-PACKAGE-NAME"
| #define PACKAGE_TARNAME "full-package-name"
| #define PACKAGE_VERSION "VERSION"
| #define PACKAGE_STRING "FULL-PACKAGE-NAME VERSION"
| #define PACKAGE_BUGREPORT "BUG-REPORT-ADDRESS"
| #define PACKAGE_URL ""
| #define HAVE_LIBATLAS 1
| #define HAVE_LIBCBLAS 1
| #define HAVE_LIBLAPACK 1
| #define HAVE_LIBPTHREAD 1
| #define STDC_HEADERS 1
| #define HAVE_SYS_TYPES_H 1
| #define HAVE_SYS_STAT_H 1
| #define HAVE_STDLIB_H 1
| #define HAVE_STRING_H 1
| #define HAVE_MEMORY_H 1
| #define HAVE_STRINGS_H 1
| #define HAVE_INTTYPES_H 1
| #define HAVE_STDINT_H 1
| #define HAVE_UNISTD_H 1
| #define HAVE_STDLIB_H 1
| #define HAVE_STRING_H 1
| #define HAVE_SYS_TIME_H 1
| /* end confdefs.h.  */
| #include <stdio.h>
| #ifdef HAVE_SYS_TYPES_H
| # include <sys/types.h>
| #endif
| #ifdef HAVE_SYS_STAT_H
| # include <sys/stat.h>
| #endif
| #ifdef STDC_HEADERS
| # include <stdlib.h>
| # include <stddef.h>
| #else
| # ifdef HAVE_STDLIB_H
| #  include <stdlib.h>
| # endif
| #endif
| #ifdef HAVE_STRING_H
| # if !defined STDC_HEADERS && defined HAVE_MEMORY_H
| #  include <memory.h>
| # endif
| # include <string.h>
| #endif
| #ifdef HAVE_STRINGS_H
| # include <strings.h>
| #endif
| #ifdef HAVE_INTTYPES_H
| # include <inttypes.h>
| #endif
| #ifdef HAVE_STDINT_H
| # include <stdint.h>
| #endif
| #ifdef HAVE_UNISTD_H
| # include <unistd.h>
| #endif
| int
| main ()
| {
| if (sizeof ((_Bool)))
| 	    return 0;
|   ;
|   return 0;
| }
configure:4327: result: yes
configure:4338: checking for inline
configure:4354: gcc -c -g -O2  conftest.c >&5
configure:4354: $? = 0
configure:4362: result: inline
configure:4380: checking for size_t
configure:4380: gcc -c -g -O2  conftest.c >&5
configure:4380: $? = 0
configure:4380: gcc -c -g -O2  conftest.c >&5
conftest.c: In function 'main':
conftest.c:63: error: expected expression before ')' token
configure:4380: $? = 1
configure: failed program was:
| /* confdefs.h */
| #define PACKAGE_NAME "FULL-PACKAGE-NAME"
| #define PACKAGE_TARNAME "full-package-name"
| #define PACKAGE_VERSION "VERSION"
| #define PACKAGE_STRING "FULL-PACKAGE-NAME VERSION"
| #define PACKAGE_BUGREPORT "BUG-REPORT-ADDRESS"
| #define PACKAGE_URL ""
| #define HAVE_LIBATLAS 1
| #define HAVE_LIBCBLAS 1
| #define HAVE_LIBLAPACK 1
| #define HAVE_LIBPTHREAD 1
| #define STDC_HEADERS 1
| #define HAVE_SYS_TYPES_H 1
| #define HAVE_SYS_STAT_H 1
| #define HAVE_STDLIB_H 1
| #define HAVE_STRING_H 1
| #define HAVE_MEMORY_H 1
| #define HAVE_STRINGS_H 1
| #define HAVE_INTTYPES_H 1
| #define HAVE_STDINT_H 1
| #define HAVE_UNISTD_H 1
| #define HAVE_STDLIB_H 1
| #define HAVE_STRING_H 1
| #define HAVE_SYS_TIME_H 1
| #define HAVE__BOOL 1
| /* end confdefs.h.  */
| #include <stdio.h>
| #ifdef HAVE_SYS_TYPES_H
| # include <sys/types.h>
| #endif
| #ifdef HAVE_SYS_STAT_H
| # include <sys/stat.h>
| #endif
| #ifdef STDC_HEADERS
| # include <stdlib.h>
| # include <stddef.h>
| #else
| # ifdef HAVE_STDLIB_H
| #  include <stdlib.h>
| # endif
| #endif
| #ifdef HAVE_STRING_H
| # if !defined STDC_HEADERS && defined HAVE_MEMORY_H
| #  include <memory.h>
| # endif
| # include <string.h>
| #endif
| #ifdef HAVE_STRINGS_H
| # include <strings.h>
| #endif
| #ifdef HAVE_INTTYPES_H
| # include <inttypes.h>
| #endif
| #ifdef HAVE_STDINT_H
| # include <stdint.h>
| #endif
| #ifdef HAVE_UNISTD_H
| # include <unistd.h>
| #endif
| int
| main ()
| {
| if (sizeof ((size_t)))
| 	    return 0;
|   ;
|   return 0;
| }
configure:4380: result: yes
configure:4395: checking for stdlib.h
configure:4395: result: yes
configure:4405: checking for GNU libc compatible malloc
configure:4429: gcc -o conftest -g -O2   conftest.c -lpthread -llapack -lcblas -latlas  >&5
configure:4429: $? = 0
configure:4429: ./conftest
configure:4429: $? = 0
configure:4439: result: yes
configure:4466: checking for stdlib.h
configure:4466: result: yes
configure:4466: checking for unistd.h
configure:4466: result: yes
configure:4466: checking for sys/param.h
configure:4466: gcc -c -g -O2  conftest.c >&5
configure:4466: $? = 0
configure:4466: result: yes
configure:4486: checking for getpagesize
configure:4486: gcc -o conftest -g -O2   conftest.c -lpthread -llapack -lcblas -latlas  >&5
configure:4486: $? = 0
configure:4486: result: yes
configure:4495: checking for working mmap
configure:4642: gcc -o conftest -g -O2   conftest.c -lpthread -llapack -lcblas -latlas  >&5
configure:4642: $? = 0
configure:4642: ./conftest
configure:4642: $? = 0
configure:4652: result: yes
configure:4664: checking for floor
configure:4664: gcc -o conftest -g -O2   conftest.c -lpthread -llapack -lcblas -latlas  >&5
conftest.c:57: warning: conflicting types for built-in function 'floor'
configure:4664: $? = 0
configure:4664: result: yes
configure:4664: checking for gettimeofday
configure:4664: gcc -o conftest -g -O2   conftest.c -lpthread -llapack -lcblas -latlas  >&5
configure:4664: $? = 0
configure:4664: result: yes
configure:4664: checking for memset
configure:4664: gcc -o conftest -g -O2   conftest.c -lpthread -llapack -lcblas -latlas  >&5
conftest.c:59: warning: conflicting types for built-in function 'memset'
configure:4664: $? = 0
configure:4664: result: yes
configure:4664: checking for munmap
configure:4664: gcc -o conftest -g -O2   conftest.c -lpthread -llapack -lcblas -latlas  >&5
configure:4664: $? = 0
configure:4664: result: yes
configure:4664: checking for sqrt
configure:4664: gcc -o conftest -g -O2   conftest.c -lpthread -llapack -lcblas -latlas  >&5
conftest.c:61: warning: conflicting types for built-in function 'sqrt'
configure:4664: $? = 0
configure:4664: result: yes
configure:4790: creating ./config.status

## ---------------------- ##
## Running config.status. ##
## ---------------------- ##

This file was extended by FULL-PACKAGE-NAME config.status VERSION, which was
generated by GNU Autoconf 2.69.  Invocation command line was

  CONFIG_FILES    = 
  CONFIG_HEADERS  = 
  CONFIG_LINKS    = 
  CONFIG_COMMANDS = 
  $ ./config.status 

on Macarno.local

config.status:821: creating Makefile
config.status:821: creating config.h

## ---------------- ##
## Cache variables. ##
## ---------------- ##

ac_cv_c_compiler_gnu=yes
ac_cv_c_inline=inline
ac_cv_cxx_compiler_gnu=yes
ac_cv_env_CCC_set=
ac_cv_env_CCC_value=
ac_cv_env_CC_set=
ac_cv_env_CC_value=
ac_cv_env_CFLAGS_set=
ac_cv_env_CFLAGS_value=
ac_cv_env_CPPFLAGS_set=
ac_cv_env_CPPFLAGS_value=
ac_cv_env_CPP_set=
ac_cv_env_CPP_value=
ac_cv_env_CXXFLAGS_set=
ac_cv_env_CXXFLAGS_value=
ac_cv_env_CXX_set=
ac_cv_env_CXX_value=
ac_cv_env_LDFLAGS_set=
ac_cv_env_LDFLAGS_value=
ac_cv_env_LIBS_set=
ac_cv_env_LIBS_value=
ac_cv_env_build_alias_set=
ac_cv_env_build_alias_value=
ac_cv_env_host_alias_set=
ac_cv_env_host_alias_value=
ac_cv_env_target_alias_set=
ac_cv_env_target_alias_value=
ac_cv_func_floor=yes
ac_cv_func_getpagesize=yes
ac_cv_func_gettimeofday=yes
ac_cv_func_malloc_0_nonnull=yes
ac_cv_func_memset=yes
ac_cv_func_mmap_fixed_mapped=yes
ac_cv_func_munmap=yes
ac_cv_func_sqrt=yes
ac_cv_header_inttypes_h=yes
ac_cv_header_memory_h=yes
ac_cv_header_stdbool_h=yes
ac_cv_header_stdc=yes
ac_cv_header_stdint_h=yes
ac_cv_header_stdlib_h=yes
ac_cv_header_string_h=yes
ac_cv_header_strings_h=yes
ac_cv_header_sys_param_h=yes
ac_cv_header_sys_stat_h=yes
ac_cv_header_sys_time_h=yes
ac_cv_header_sys_types_h=yes
ac_cv_header_unistd_h=yes
ac_cv_lib_atlas_main=yes
ac_cv_lib_cblas_main=yes
ac_cv_lib_cublas_main=no
ac_cv_lib_cuda_main=no
ac_cv_lib_cudart_main=no
ac_cv_lib_cudpp_x86_64_main=no
ac_cv_lib_cufft_main=no
ac_cv_lib_cula_core_main=no
ac_cv_lib_cula_lapack_main=no
ac_cv_lib_curand_main=no
ac_cv_lib_lapack_main=yes
ac_cv_lib_magma_main=no
ac_cv_lib_magmablas_main=no
ac_cv_lib_pthread_main=yes
ac_cv_objext=o
ac_cv_path_EGREP='/usr/bin/grep -E'
ac_cv_path_GREP=/usr/bin/grep
ac_cv_prog_CPP='gcc -E'
ac_cv_prog_ac_ct_CC=gcc
ac_cv_prog_ac_ct_CXX=g++
ac_cv_prog_cc_c89=
ac_cv_prog_cc_g=yes
ac_cv_prog_cxx_g=yes
ac_cv_prog_make_make_set=yes
ac_cv_type__Bool=yes
ac_cv_type_size_t=yes

## ----------------- ##
## Output variables. ##
## ----------------- ##

CC='gcc'
CFLAGS='-g -O2'
CPP='gcc -E'
CPPFLAGS=''
CXX='g++'
CXXFLAGS='-g -O2'
DEFS='-DHAVE_CONFIG_H'
ECHO_C='\c'
ECHO_N=''
ECHO_T=''
EGREP='/usr/bin/grep -E'
EXEEXT=''
GREP='/usr/bin/grep'
LDFLAGS=''
LIBOBJS=''
LIBS='-lpthread -llapack -lcblas -latlas '
LTLIBOBJS=''
OBJEXT='o'
PACKAGE_BUGREPORT='BUG-REPORT-ADDRESS'
PACKAGE_NAME='FULL-PACKAGE-NAME'
PACKAGE_STRING='FULL-PACKAGE-NAME VERSION'
PACKAGE_TARNAME='full-package-name'
PACKAGE_URL=''
PACKAGE_VERSION='VERSION'
PATH_SEPARATOR=':'
SET_MAKE=''
SHELL='/bin/sh'
ac_ct_CC='gcc'
ac_ct_CXX='g++'
bindir='${exec_prefix}/bin'
build_alias=''
datadir='${datarootdir}'
datarootdir='${prefix}/share'
docdir='${datarootdir}/doc/${PACKAGE_TARNAME}'
dvidir='${docdir}'
exec_prefix='${prefix}'
host_alias=''
htmldir='${docdir}'
includedir='${prefix}/include'
infodir='${datarootdir}/info'
libdir='${exec_prefix}/lib'
libexecdir='${exec_prefix}/libexec'
localedir='${datarootdir}/locale'
localstatedir='${prefix}/var'
mandir='${datarootdir}/man'
oldincludedir='/usr/include'
pdfdir='${docdir}'
prefix='/usr/local'
program_transform_name='s,x,x,'
psdir='${docdir}'
sbindir='${exec_prefix}/sbin'
sharedstatedir='${prefix}/com'
sysconfdir='${prefix}/etc'
target_alias=''

## ----------- ##
## confdefs.h. ##
## ----------- ##

/* confdefs.h */
#define PACKAGE_NAME "FULL-PACKAGE-NAME"
#define PACKAGE_TARNAME "full-package-name"
#define PACKAGE_VERSION "VERSION"
#define PACKAGE_STRING "FULL-PACKAGE-NAME VERSION"
#define PACKAGE_BUGREPORT "BUG-REPORT-ADDRESS"
#define PACKAGE_URL ""
#define HAVE_LIBATLAS 1
#define HAVE_LIBCBLAS 1
#define HAVE_LIBLAPACK 1
#define HAVE_LIBPTHREAD 1
#define STDC_HEADERS 1
#define HAVE_SYS_TYPES_H 1
#define HAVE_SYS_STAT_H 1
#define HAVE_STDLIB_H 1
#define HAVE_STRING_H 1
#define HAVE_MEMORY_H 1
#define HAVE_STRINGS_H 1
#define HAVE_INTTYPES_H 1
#define HAVE_STDINT_H 1
#define HAVE_UNISTD_H 1
#define HAVE_STDLIB_H 1
#define HAVE_STRING_H 1
#define HAVE_SYS_TIME_H 1
#define HAVE__BOOL 1
#define HAVE_STDLIB_H 1
#define HAVE_MALLOC 1
#define HAVE_STDLIB_H 1
#define HAVE_UNISTD_H 1
#define HAVE_SYS_PARAM_H 1
#define HAVE_GETPAGESIZE 1
#define HAVE_MMAP 1
#define HAVE_FLOOR 1
#define HAVE_GETTIMEOFDAY 1
#define HAVE_MEMSET 1
#define HAVE_MUNMAP 1
#define HAVE_SQRT 1

configure: exit 0
